已添加清单
正在添加: SimUser$SimUserReducer.class(输入 = 3680) (输出 = 1723)(压缩了 53%)
正在添加: SimUser.class(输入 = 1840) (输出 = 971)(压缩了 47%)
正在添加: SimUser$SimUserMapper.class(输入 = 2615) (输出 = 1087)(压缩了 58%)
已添加清单
正在添加: SimItem.class(输入 = 1836) (输出 = 973)(压缩了 47%)
正在添加: SimItem$MatrixMapper.class(输入 = 2614) (输出 = 1091)(压缩了 58%)
正在添加: SimItem$MatrixReducer.class(输入 = 3702) (输出 = 1725)(压缩了 53%)
已添加清单
正在添加: UserBased$UserBasedMapper.class(输入 = 2897) (输出 = 1260)(压缩了 56%)
正在添加: UserBased.class(输入 = 1883) (输出 = 986)(压缩了 47%)
正在添加: UserBased$UserBasedReducer.class(输入 = 4346) (输出 = 2092)(压缩了 51%)
已添加清单
正在添加: ItemBased.class(输入 = 1883) (输出 = 987)(压缩了 47%)
正在添加: ItemBased$ItemBasedReducer.class(输入 = 4347) (输出 = 2089)(压缩了 51%)
正在添加: ItemBased$ItemBasedMapper.class(输入 = 2897) (输出 = 1260)(压缩了 56%)
14/12/17 13:33:27 INFO fs.TrashPolicyDefault: Namenode trash configuration: Deletion interval = 0 minutes, Emptier interval = 0 minutes.
Deleted /bestapi
14/12/17 13:33:37 INFO client.RMProxy: Connecting to ResourceManager at g308pc1/192.168.108.101:8032
14/12/17 13:33:37 INFO client.RMProxy: Connecting to ResourceManager at g308pc1/192.168.108.101:8032
14/12/17 13:33:37 WARN mapreduce.JobSubmitter: Hadoop command-line option parsing not performed. Implement the Tool interface and execute your application with ToolRunner to remedy this.
14/12/17 13:33:37 WARN mapreduce.JobSubmitter: Hadoop command-line option parsing not performed. Implement the Tool interface and execute your application with ToolRunner to remedy this.
14/12/17 13:33:37 INFO input.FileInputFormat: Total input paths to process : 1
14/12/17 13:33:37 INFO input.FileInputFormat: Total input paths to process : 1
14/12/17 13:33:37 INFO mapreduce.JobSubmitter: number of splits:1
14/12/17 13:33:37 INFO mapreduce.JobSubmitter: number of splits:1
14/12/17 13:33:38 INFO mapreduce.JobSubmitter: Submitting tokens for job: job_1418199305412_0038
14/12/17 13:33:38 INFO mapreduce.JobSubmitter: Submitting tokens for job: job_1418199305412_0039
14/12/17 13:33:38 INFO impl.YarnClientImpl: Submitted application application_1418199305412_0038
14/12/17 13:33:38 INFO impl.YarnClientImpl: Submitted application application_1418199305412_0039
14/12/17 13:33:38 INFO mapreduce.Job: The url to track the job: http://g308pc1:8088/proxy/application_1418199305412_0038/
14/12/17 13:33:38 INFO mapreduce.Job: Running job: job_1418199305412_0038
14/12/17 13:33:38 INFO mapreduce.Job: The url to track the job: http://g308pc1:8088/proxy/application_1418199305412_0039/
14/12/17 13:33:38 INFO mapreduce.Job: Running job: job_1418199305412_0039
14/12/17 13:33:44 INFO mapreduce.Job: Job job_1418199305412_0038 running in uber mode : false
14/12/17 13:33:44 INFO mapreduce.Job:  map 0% reduce 0%
14/12/17 13:33:45 INFO mapreduce.Job: Job job_1418199305412_0039 running in uber mode : false
14/12/17 13:33:45 INFO mapreduce.Job:  map 0% reduce 0%
14/12/17 13:33:55 INFO mapreduce.Job:  map 6% reduce 0%
14/12/17 13:33:56 INFO mapreduce.Job:  map 50% reduce 0%
14/12/17 13:33:59 INFO mapreduce.Job:  map 67% reduce 0%
14/12/17 13:34:01 INFO mapreduce.Job:  map 12% reduce 0%
14/12/17 13:34:02 INFO mapreduce.Job:  map 72% reduce 0%
14/12/17 13:34:05 INFO mapreduce.Job:  map 89% reduce 0%
14/12/17 13:34:07 INFO mapreduce.Job:  map 15% reduce 0%
14/12/17 13:34:07 INFO mapreduce.Job:  map 100% reduce 0%
14/12/17 13:34:10 INFO mapreduce.Job:  map 17% reduce 0%
14/12/17 13:34:16 INFO mapreduce.Job:  map 18% reduce 0%
14/12/17 13:34:16 INFO mapreduce.Job:  map 100% reduce 10%
14/12/17 13:34:17 INFO mapreduce.Job:  map 100% reduce 20%
14/12/17 13:34:18 INFO mapreduce.Job:  map 100% reduce 30%
14/12/17 13:34:19 INFO mapreduce.Job:  map 21% reduce 0%
14/12/17 13:34:20 INFO mapreduce.Job:  map 100% reduce 40%
14/12/17 13:34:21 INFO mapreduce.Job:  map 100% reduce 50%
14/12/17 13:34:22 INFO mapreduce.Job:  map 100% reduce 60%
14/12/17 13:34:23 INFO mapreduce.Job:  map 22% reduce 0%
14/12/17 13:34:25 INFO mapreduce.Job:  map 100% reduce 67%
14/12/17 13:34:28 INFO mapreduce.Job:  map 100% reduce 70%
14/12/17 13:34:29 INFO mapreduce.Job:  map 100% reduce 77%
14/12/17 13:34:30 INFO mapreduce.Job:  map 100% reduce 90%
14/12/17 13:34:32 INFO mapreduce.Job:  map 100% reduce 94%
14/12/17 13:34:33 INFO mapreduce.Job:  map 100% reduce 96%
14/12/17 13:34:35 INFO mapreduce.Job:  map 100% reduce 100%
14/12/17 13:34:35 INFO mapreduce.Job:  map 27% reduce 0%
14/12/17 13:34:36 INFO mapreduce.Job: Job job_1418199305412_0039 completed successfully
14/12/17 13:34:36 INFO mapreduce.Job: Counters: 50
	File System Counters
		FILE: Number of bytes read=196919560
		FILE: Number of bytes written=296423153
		FILE: Number of read operations=0
		FILE: Number of large read operations=0
		FILE: Number of write operations=0
		HDFS: Number of bytes read=389202
		HDFS: Number of bytes written=267511
		HDFS: Number of read operations=33
		HDFS: Number of large read operations=0
		HDFS: Number of write operations=20
	Job Counters 
		Killed reduce tasks=1
		Launched map tasks=1
		Launched reduce tasks=11
		Data-local map tasks=1
		Total time spent by all maps in occupied slots (ms)=19627
		Total time spent by all reduces in occupied slots (ms)=145115
		Total time spent by all map tasks (ms)=19627
		Total time spent by all reduce tasks (ms)=145115
		Total vcore-seconds taken by all map tasks=19627
		Total vcore-seconds taken by all reduce tasks=145115
		Total megabyte-seconds taken by all map tasks=20098048
		Total megabyte-seconds taken by all reduce tasks=148597760
	Map-Reduce Framework
		Map input records=14954
		Map output records=2990800
		Map output bytes=92471520
		Map output materialized bytes=98453180
		Input split bytes=119
		Combine input records=0
		Combine output records=0
		Reduce input groups=10000
		Reduce shuffle bytes=98453180
		Reduce input records=2990800
		Reduce output records=10000
		Spilled Records=8972400
		Shuffled Maps =10
		Failed Shuffles=0
		Merged Map outputs=10
		GC time elapsed (ms)=2834
		CPU time spent (ms)=63100
		Physical memory (bytes) snapshot=1708351488
		Virtual memory (bytes) snapshot=4555440128
		Total committed heap usage (bytes)=1088159744
	Shuffle Errors
		BAD_ID=0
		CONNECTION=0
		IO_ERROR=0
		WRONG_LENGTH=0
		WRONG_MAP=0
		WRONG_REDUCE=0
	File Input Format Counters 
		Bytes Read=389083
	File Output Format Counters 
		Bytes Written=267511
14/12/17 13:34:41 INFO mapreduce.Job:  map 28% reduce 0%
14/12/17 13:34:45 INFO mapreduce.Job:  map 32% reduce 0%
14/12/17 13:34:45 INFO client.RMProxy: Connecting to ResourceManager at g308pc1/192.168.108.101:8032
14/12/17 13:34:45 WARN mapreduce.JobSubmitter: Hadoop command-line option parsing not performed. Implement the Tool interface and execute your application with ToolRunner to remedy this.
14/12/17 13:34:45 INFO input.FileInputFormat: Total input paths to process : 1
14/12/17 13:34:45 INFO mapreduce.JobSubmitter: number of splits:1
14/12/17 13:34:46 INFO mapreduce.JobSubmitter: Submitting tokens for job: job_1418199305412_0040
14/12/17 13:34:46 INFO impl.YarnClientImpl: Submitted application application_1418199305412_0040
14/12/17 13:34:46 INFO mapreduce.Job: The url to track the job: http://g308pc1:8088/proxy/application_1418199305412_0040/
14/12/17 13:34:46 INFO mapreduce.Job: Running job: job_1418199305412_0040
14/12/17 13:34:51 INFO mapreduce.Job:  map 38% reduce 0%
14/12/17 13:34:57 INFO mapreduce.Job:  map 42% reduce 0%
14/12/17 13:34:58 INFO mapreduce.Job: Job job_1418199305412_0040 running in uber mode : false
14/12/17 13:34:58 INFO mapreduce.Job:  map 0% reduce 0%
14/12/17 13:35:00 INFO mapreduce.Job:  map 43% reduce 0%
14/12/17 13:35:03 INFO mapreduce.Job:  map 45% reduce 0%
14/12/17 13:35:06 INFO mapreduce.Job:  map 48% reduce 0%
14/12/17 13:35:12 INFO mapreduce.Job:  map 42% reduce 0%
14/12/17 13:35:12 INFO mapreduce.Job:  map 53% reduce 0%
14/12/17 13:35:15 INFO mapreduce.Job:  map 44% reduce 0%
14/12/17 13:35:18 INFO mapreduce.Job:  map 48% reduce 0%
14/12/17 13:35:18 INFO mapreduce.Job:  map 58% reduce 0%
14/12/17 13:35:21 INFO mapreduce.Job:  map 50% reduce 0%
14/12/17 13:35:24 INFO mapreduce.Job:  map 55% reduce 0%
14/12/17 13:35:24 INFO mapreduce.Job:  map 61% reduce 0%
14/12/17 13:35:27 INFO mapreduce.Job:  map 64% reduce 0%
14/12/17 13:35:30 INFO mapreduce.Job:  map 61% reduce 0%
14/12/17 13:35:33 INFO mapreduce.Job:  map 67% reduce 0%
14/12/17 13:35:36 INFO mapreduce.Job:  map 67% reduce 0%
14/12/17 13:35:39 INFO mapreduce.Job:  map 68% reduce 0%
14/12/17 13:35:42 INFO mapreduce.Job:  map 70% reduce 0%
14/12/17 13:35:42 INFO mapreduce.Job:  map 70% reduce 0%
14/12/17 13:35:45 INFO mapreduce.Job:  map 73% reduce 0%
14/12/17 13:35:45 INFO mapreduce.Job:  map 71% reduce 0%
14/12/17 13:35:48 INFO mapreduce.Job:  map 77% reduce 0%
14/12/17 13:35:48 INFO mapreduce.Job:  map 72% reduce 0%
14/12/17 13:35:51 INFO mapreduce.Job:  map 79% reduce 0%
14/12/17 13:35:52 INFO mapreduce.Job:  map 73% reduce 0%
14/12/17 13:35:54 INFO mapreduce.Job:  map 81% reduce 0%
14/12/17 13:35:55 INFO mapreduce.Job:  map 74% reduce 0%
14/12/17 13:35:57 INFO mapreduce.Job:  map 83% reduce 0%
14/12/17 13:36:00 INFO mapreduce.Job:  map 86% reduce 0%
14/12/17 13:36:01 INFO mapreduce.Job:  map 75% reduce 0%
14/12/17 13:36:03 INFO mapreduce.Job:  map 88% reduce 0%
14/12/17 13:36:04 INFO mapreduce.Job:  map 76% reduce 0%
14/12/17 13:36:06 INFO mapreduce.Job:  map 91% reduce 0%
14/12/17 13:36:07 INFO mapreduce.Job:  map 77% reduce 0%
14/12/17 13:36:09 INFO mapreduce.Job:  map 93% reduce 0%
14/12/17 13:36:10 INFO mapreduce.Job:  map 78% reduce 0%
14/12/17 13:36:12 INFO mapreduce.Job:  map 95% reduce 0%
14/12/17 13:36:13 INFO mapreduce.Job:  map 79% reduce 0%
14/12/17 13:36:15 INFO mapreduce.Job:  map 96% reduce 0%
14/12/17 13:36:16 INFO mapreduce.Job:  map 80% reduce 0%
14/12/17 13:36:18 INFO mapreduce.Job:  map 98% reduce 0%
14/12/17 13:36:21 INFO mapreduce.Job:  map 99% reduce 0%
14/12/17 13:36:22 INFO mapreduce.Job:  map 81% reduce 0%
14/12/17 13:36:24 INFO mapreduce.Job:  map 100% reduce 0%
14/12/17 13:36:28 INFO mapreduce.Job:  map 83% reduce 0%
14/12/17 13:36:31 INFO mapreduce.Job:  map 84% reduce 0%
14/12/17 13:36:34 INFO mapreduce.Job:  map 85% reduce 0%
14/12/17 13:36:37 INFO mapreduce.Job:  map 86% reduce 0%
14/12/17 13:36:40 INFO mapreduce.Job:  map 88% reduce 0%
14/12/17 13:36:43 INFO mapreduce.Job:  map 89% reduce 0%
14/12/17 13:36:46 INFO mapreduce.Job:  map 90% reduce 0%
14/12/17 13:36:49 INFO mapreduce.Job:  map 91% reduce 0%
14/12/17 13:36:50 INFO mapreduce.Job:  map 100% reduce 5%
14/12/17 13:36:52 INFO mapreduce.Job:  map 92% reduce 0%
14/12/17 13:36:54 INFO mapreduce.Job:  map 100% reduce 16%
14/12/17 13:36:55 INFO mapreduce.Job:  map 100% reduce 23%
14/12/17 13:36:55 INFO mapreduce.Job:  map 93% reduce 0%
14/12/17 13:36:56 INFO mapreduce.Job:  map 100% reduce 28%
14/12/17 13:36:57 INFO mapreduce.Job:  map 100% reduce 31%
14/12/17 13:36:58 INFO mapreduce.Job:  map 100% reduce 38%
14/12/17 13:36:58 INFO mapreduce.Job:  map 94% reduce 0%
14/12/17 13:36:59 INFO mapreduce.Job:  map 100% reduce 43%
14/12/17 13:37:00 INFO mapreduce.Job:  map 100% reduce 53%
14/12/17 13:37:01 INFO mapreduce.Job:  map 100% reduce 55%
14/12/17 13:37:01 INFO mapreduce.Job:  map 96% reduce 0%
14/12/17 13:37:02 INFO mapreduce.Job:  map 100% reduce 57%
14/12/17 13:37:03 INFO mapreduce.Job:  map 100% reduce 58%
14/12/17 13:37:04 INFO mapreduce.Job:  map 100% reduce 60%
14/12/17 13:37:04 INFO mapreduce.Job:  map 97% reduce 0%
14/12/17 13:37:05 INFO mapreduce.Job:  map 100% reduce 61%
14/12/17 13:37:06 INFO mapreduce.Job:  map 100% reduce 64%
14/12/17 13:37:07 INFO mapreduce.Job:  map 100% reduce 65%
14/12/17 13:37:07 INFO mapreduce.Job:  map 98% reduce 0%
14/12/17 13:37:08 INFO mapreduce.Job:  map 100% reduce 67%
14/12/17 13:37:09 INFO mapreduce.Job:  map 100% reduce 70%
14/12/17 13:37:10 INFO mapreduce.Job:  map 99% reduce 0%
14/12/17 13:37:12 INFO mapreduce.Job:  map 100% reduce 0%
14/12/17 13:37:43 INFO mapreduce.Job:  map 100% reduce 77%
14/12/17 13:37:46 INFO mapreduce.Job:  map 100% reduce 83%
14/12/17 13:37:51 INFO mapreduce.Job:  map 100% reduce 7%
14/12/17 13:37:54 INFO mapreduce.Job:  map 100% reduce 8%
14/12/17 13:37:55 INFO mapreduce.Job:  map 100% reduce 15%
14/12/17 13:37:55 INFO mapreduce.Job:  map 100% reduce 93%
14/12/17 13:37:56 INFO mapreduce.Job:  map 100% reduce 35%
14/12/17 13:37:57 INFO mapreduce.Job:  map 100% reduce 36%
14/12/17 13:37:58 INFO mapreduce.Job:  map 100% reduce 37%
14/12/17 13:37:58 INFO mapreduce.Job:  map 100% reduce 96%
14/12/17 13:37:59 INFO mapreduce.Job:  map 100% reduce 97%
14/12/17 13:38:00 INFO mapreduce.Job:  map 100% reduce 38%
14/12/17 13:38:01 INFO mapreduce.Job:  map 100% reduce 40%
14/12/17 13:38:01 INFO mapreduce.Job:  map 100% reduce 100%
14/12/17 13:38:03 INFO mapreduce.Job:  map 100% reduce 41%
14/12/17 13:38:06 INFO mapreduce.Job:  map 100% reduce 42%
14/12/17 13:38:08 INFO mapreduce.Job: Job job_1418199305412_0040 completed successfully
14/12/17 13:38:08 INFO mapreduce.Job: Counters: 50
	File System Counters
		FILE: Number of bytes read=619691549
		FILE: Number of bytes written=930471194
		FILE: Number of read operations=0
		FILE: Number of large read operations=0
		FILE: Number of write operations=0
		HDFS: Number of bytes read=706621
		HDFS: Number of bytes written=1827011
		HDFS: Number of read operations=33
		HDFS: Number of large read operations=0
		HDFS: Number of write operations=20
	Job Counters 
		Killed reduce tasks=4
		Launched map tasks=1
		Launched reduce tasks=14
		Data-local map tasks=1
		Total time spent by all maps in occupied slots (ms)=88046
		Total time spent by all reduces in occupied slots (ms)=553798
		Total time spent by all map tasks (ms)=88046
		Total time spent by all reduce tasks (ms)=553798
		Total vcore-seconds taken by all map tasks=88046
		Total vcore-seconds taken by all reduce tasks=553798
		Total megabyte-seconds taken by all map tasks=90159104
		Total megabyte-seconds taken by all reduce tasks=567089152
	Map-Reduce Framework
		Map input records=24954
		Map output records=9025400
		Map output bytes=291751543
		Map output materialized bytes=309802403
		Input split bytes=119
		Combine input records=0
		Combine output records=0
		Reduce input groups=75300
		Reduce shuffle bytes=309802403
		Reduce input records=9025400
		Reduce output records=75300
		Spilled Records=27076200
		Shuffled Maps =10
		Failed Shuffles=0
		Merged Map outputs=10
		GC time elapsed (ms)=7685
		CPU time spent (ms)=127660
		Physical memory (bytes) snapshot=1963925504
		Virtual memory (bytes) snapshot=4583030784
		Total committed heap usage (bytes)=1365770240
	Shuffle Errors
		BAD_ID=0
		CONNECTION=0
		IO_ERROR=0
		WRONG_LENGTH=0
		WRONG_MAP=0
		WRONG_REDUCE=0
	File Input Format Counters 
		Bytes Read=706502
	File Output Format Counters 
		Bytes Written=1827011
14/12/17 13:38:09 INFO mapreduce.Job:  map 100% reduce 45%
14/12/17 13:38:10 INFO mapreduce.Job:  map 100% reduce 52%
14/12/17 13:38:12 INFO mapreduce.Job:  map 100% reduce 55%
14/12/17 13:38:13 INFO mapreduce.Job:  map 100% reduce 56%
14/12/17 13:38:15 INFO mapreduce.Job:  map 100% reduce 58%
14/12/17 13:38:16 INFO mapreduce.Job:  map 100% reduce 66%
14/12/17 13:38:17 INFO mapreduce.Job:  map 100% reduce 73%
14/12/17 13:38:18 INFO mapreduce.Job:  map 100% reduce 74%
14/12/17 13:38:19 INFO mapreduce.Job:  map 100% reduce 75%
14/12/17 13:38:20 INFO mapreduce.Job:  map 100% reduce 83%
14/12/17 13:38:21 INFO mapreduce.Job:  map 100% reduce 90%
14/12/17 13:38:22 INFO mapreduce.Job:  map 100% reduce 91%
14/12/17 13:38:23 INFO mapreduce.Job:  map 100% reduce 92%
14/12/17 13:38:24 INFO mapreduce.Job:  map 100% reduce 94%
14/12/17 13:38:27 INFO mapreduce.Job:  map 100% reduce 97%
14/12/17 13:38:30 INFO mapreduce.Job:  map 100% reduce 100%
14/12/17 13:38:31 INFO mapreduce.Job: Job job_1418199305412_0038 completed successfully
14/12/17 13:38:31 INFO mapreduce.Job: Counters: 50
	File System Counters
		FILE: Number of bytes read=1754074845
		FILE: Number of bytes written=2523670315
		FILE: Number of read operations=0
		FILE: Number of large read operations=0
		FILE: Number of write operations=0
		HDFS: Number of bytes read=389202
		HDFS: Number of bytes written=15803200
		HDFS: Number of read operations=33
		HDFS: Number of large read operations=0
		HDFS: Number of write operations=20
	Job Counters 
		Killed reduce tasks=2
		Launched map tasks=1
		Launched reduce tasks=12
		Data-local map tasks=1
		Total time spent by all maps in occupied slots (ms)=206839
		Total time spent by all reduces in occupied slots (ms)=627940
		Total time spent by all map tasks (ms)=206839
		Total time spent by all reduce tasks (ms)=627940
		Total vcore-seconds taken by all map tasks=206839
		Total vcore-seconds taken by all reduce tasks=627940
		Total megabyte-seconds taken by all map tasks=211803136
		Total megabyte-seconds taken by all reduce tasks=643010560
	Map-Reduce Framework
		Map input records=14954
		Map output records=22520724
		Map output bytes=717793462
		Map output materialized bytes=762834970
		Input split bytes=119
		Combine input records=0
		Combine output records=0
		Reduce input groups=567009
		Reduce shuffle bytes=762834970
		Reduce input records=22520724
		Reduce output records=567009
		Spilled Records=74347792
		Shuffled Maps =10
		Failed Shuffles=0
		Merged Map outputs=10
		GC time elapsed (ms)=16038
		CPU time spent (ms)=278550
		Physical memory (bytes) snapshot=1716969472
		Virtual memory (bytes) snapshot=4563628032
		Total committed heap usage (bytes)=1028390912
	Shuffle Errors
		BAD_ID=0
		CONNECTION=0
		IO_ERROR=0
		WRONG_LENGTH=0
		WRONG_MAP=0
		WRONG_REDUCE=0
	File Input Format Counters 
		Bytes Read=389083
	File Output Format Counters 
		Bytes Written=15803200
14/12/17 13:38:43 INFO client.RMProxy: Connecting to ResourceManager at g308pc1/192.168.108.101:8032
14/12/17 13:38:43 WARN mapreduce.JobSubmitter: Hadoop command-line option parsing not performed. Implement the Tool interface and execute your application with ToolRunner to remedy this.
14/12/17 13:38:44 INFO input.FileInputFormat: Total input paths to process : 1
14/12/17 13:38:44 INFO mapreduce.JobSubmitter: number of splits:1
14/12/17 13:38:44 INFO mapreduce.JobSubmitter: Submitting tokens for job: job_1418199305412_0041
14/12/17 13:38:44 INFO impl.YarnClientImpl: Submitted application application_1418199305412_0041
14/12/17 13:38:44 INFO mapreduce.Job: The url to track the job: http://g308pc1:8088/proxy/application_1418199305412_0041/
14/12/17 13:38:44 INFO mapreduce.Job: Running job: job_1418199305412_0041
14/12/17 13:38:49 INFO mapreduce.Job: Job job_1418199305412_0041 running in uber mode : false
14/12/17 13:38:49 INFO mapreduce.Job:  map 0% reduce 0%
14/12/17 13:39:03 INFO mapreduce.Job:  map 1% reduce 0%
14/12/17 13:39:28 INFO mapreduce.Job:  map 2% reduce 0%
14/12/17 13:39:34 INFO mapreduce.Job:  map 3% reduce 0%
14/12/17 13:39:40 INFO mapreduce.Job:  map 5% reduce 0%
14/12/17 13:39:46 INFO mapreduce.Job:  map 7% reduce 0%
14/12/17 13:39:52 INFO mapreduce.Job:  map 9% reduce 0%
14/12/17 13:39:58 INFO mapreduce.Job:  map 10% reduce 0%
14/12/17 13:40:01 INFO mapreduce.Job:  map 11% reduce 0%
14/12/17 13:40:07 INFO mapreduce.Job:  map 13% reduce 0%
14/12/17 13:40:13 INFO mapreduce.Job:  map 15% reduce 0%
14/12/17 13:40:19 INFO mapreduce.Job:  map 17% reduce 0%
14/12/17 13:40:25 INFO mapreduce.Job:  map 19% reduce 0%
14/12/17 13:40:31 INFO mapreduce.Job:  map 21% reduce 0%
14/12/17 13:40:37 INFO mapreduce.Job:  map 22% reduce 0%
14/12/17 13:40:40 INFO mapreduce.Job:  map 23% reduce 0%
14/12/17 13:40:43 INFO mapreduce.Job:  map 24% reduce 0%
14/12/17 13:40:46 INFO mapreduce.Job:  map 25% reduce 0%
14/12/17 13:40:52 INFO mapreduce.Job:  map 27% reduce 0%
14/12/17 13:40:58 INFO mapreduce.Job:  map 29% reduce 0%
14/12/17 13:41:04 INFO mapreduce.Job:  map 31% reduce 0%
14/12/17 13:41:10 INFO mapreduce.Job:  map 33% reduce 0%
14/12/17 13:41:16 INFO mapreduce.Job:  map 35% reduce 0%
14/12/17 13:41:22 INFO mapreduce.Job:  map 36% reduce 0%
14/12/17 13:41:25 INFO mapreduce.Job:  map 37% reduce 0%
14/12/17 13:41:28 INFO mapreduce.Job:  map 38% reduce 0%
14/12/17 13:41:31 INFO mapreduce.Job:  map 39% reduce 0%
14/12/17 13:41:37 INFO mapreduce.Job:  map 41% reduce 0%
14/12/17 13:41:43 INFO mapreduce.Job:  map 43% reduce 0%
14/12/17 13:41:49 INFO mapreduce.Job:  map 45% reduce 0%
14/12/17 13:41:55 INFO mapreduce.Job:  map 46% reduce 0%
14/12/17 13:41:58 INFO mapreduce.Job:  map 47% reduce 0%
14/12/17 13:42:01 INFO mapreduce.Job:  map 48% reduce 0%
14/12/17 13:42:04 INFO mapreduce.Job:  map 49% reduce 0%
14/12/17 13:42:11 INFO mapreduce.Job:  map 51% reduce 0%
14/12/17 13:42:17 INFO mapreduce.Job:  map 53% reduce 0%
14/12/17 13:42:23 INFO mapreduce.Job:  map 55% reduce 0%
14/12/17 13:42:29 INFO mapreduce.Job:  map 56% reduce 0%
14/12/17 13:42:32 INFO mapreduce.Job:  map 57% reduce 0%
14/12/17 13:42:35 INFO mapreduce.Job:  map 58% reduce 0%
14/12/17 13:42:38 INFO mapreduce.Job:  map 59% reduce 0%
14/12/17 13:42:41 INFO mapreduce.Job:  map 60% reduce 0%
14/12/17 13:42:47 INFO mapreduce.Job:  map 61% reduce 0%
14/12/17 13:42:50 INFO mapreduce.Job:  map 62% reduce 0%
14/12/17 13:42:56 INFO mapreduce.Job:  map 64% reduce 0%
14/12/17 13:43:02 INFO mapreduce.Job:  map 66% reduce 0%
14/12/17 13:43:08 INFO mapreduce.Job:  map 67% reduce 0%
14/12/17 13:43:17 INFO mapreduce.Job:  map 68% reduce 0%
14/12/17 13:43:23 INFO mapreduce.Job:  map 69% reduce 0%
14/12/17 13:43:32 INFO mapreduce.Job:  map 70% reduce 0%
14/12/17 13:43:41 INFO mapreduce.Job:  map 71% reduce 0%
14/12/17 13:43:47 INFO mapreduce.Job:  map 72% reduce 0%
14/12/17 13:43:56 INFO mapreduce.Job:  map 73% reduce 0%
14/12/17 13:44:02 INFO mapreduce.Job:  map 74% reduce 0%
14/12/17 13:44:11 INFO mapreduce.Job:  map 75% reduce 0%
14/12/17 13:44:20 INFO mapreduce.Job:  map 76% reduce 0%
14/12/17 13:44:26 INFO mapreduce.Job:  map 77% reduce 0%
14/12/17 13:44:35 INFO mapreduce.Job:  map 78% reduce 0%
14/12/17 13:44:45 INFO mapreduce.Job:  map 79% reduce 0%
14/12/17 13:44:51 INFO mapreduce.Job:  map 80% reduce 0%
14/12/17 13:45:00 INFO mapreduce.Job:  map 81% reduce 0%
14/12/17 13:45:06 INFO mapreduce.Job:  map 82% reduce 0%
14/12/17 13:45:15 INFO mapreduce.Job:  map 83% reduce 0%
14/12/17 13:45:24 INFO mapreduce.Job:  map 84% reduce 0%
14/12/17 13:45:31 INFO mapreduce.Job:  map 85% reduce 0%
14/12/17 13:45:40 INFO mapreduce.Job:  map 86% reduce 0%
14/12/17 13:45:46 INFO mapreduce.Job:  map 87% reduce 0%
14/12/17 13:45:55 INFO mapreduce.Job:  map 88% reduce 0%
14/12/17 13:46:04 INFO mapreduce.Job:  map 89% reduce 0%
14/12/17 13:46:13 INFO mapreduce.Job:  map 90% reduce 0%
14/12/17 13:46:19 INFO mapreduce.Job:  map 91% reduce 0%
14/12/17 13:46:28 INFO mapreduce.Job:  map 92% reduce 0%
14/12/17 13:46:37 INFO mapreduce.Job:  map 93% reduce 0%
14/12/17 13:46:43 INFO mapreduce.Job:  map 94% reduce 0%
14/12/17 13:46:52 INFO mapreduce.Job:  map 95% reduce 0%
14/12/17 13:47:01 INFO mapreduce.Job:  map 96% reduce 0%
14/12/17 13:47:10 INFO mapreduce.Job:  map 97% reduce 0%
14/12/17 13:47:16 INFO mapreduce.Job:  map 98% reduce 0%
14/12/17 13:47:25 INFO mapreduce.Job:  map 99% reduce 0%
14/12/17 13:47:34 INFO mapreduce.Job:  map 100% reduce 0%
14/12/17 13:47:51 INFO mapreduce.Job:  map 100% reduce 7%
14/12/17 13:47:56 INFO mapreduce.Job:  map 100% reduce 20%
14/12/17 13:47:57 INFO mapreduce.Job:  map 100% reduce 21%
14/12/17 13:48:00 INFO mapreduce.Job:  map 100% reduce 28%
14/12/17 13:48:01 INFO mapreduce.Job:  map 100% reduce 29%
14/12/17 13:48:02 INFO mapreduce.Job:  map 100% reduce 30%
14/12/17 13:48:05 INFO mapreduce.Job:  map 100% reduce 32%
14/12/17 13:48:09 INFO mapreduce.Job:  map 100% reduce 33%
14/12/17 13:48:10 INFO mapreduce.Job:  map 100% reduce 34%
14/12/17 13:48:12 INFO mapreduce.Job:  map 100% reduce 35%
14/12/17 13:48:13 INFO mapreduce.Job:  map 100% reduce 36%
14/12/17 13:48:14 INFO mapreduce.Job:  map 100% reduce 37%
14/12/17 13:48:17 INFO mapreduce.Job:  map 100% reduce 38%
14/12/17 13:48:20 INFO mapreduce.Job:  map 100% reduce 39%
14/12/17 13:48:21 INFO mapreduce.Job:  map 100% reduce 40%
14/12/17 13:48:28 INFO mapreduce.Job:  map 100% reduce 47%
14/12/17 13:48:33 INFO mapreduce.Job:  map 100% reduce 48%
14/12/17 13:48:40 INFO mapreduce.Job:  map 100% reduce 56%
14/12/17 13:48:43 INFO mapreduce.Job:  map 100% reduce 57%
14/12/17 13:48:47 INFO mapreduce.Job:  map 100% reduce 58%
14/12/17 13:48:50 INFO mapreduce.Job:  map 100% reduce 65%
14/12/17 13:48:52 INFO mapreduce.Job:  map 100% reduce 66%
14/12/17 13:48:54 INFO mapreduce.Job:  map 100% reduce 73%
14/12/17 13:48:55 INFO mapreduce.Job:  map 100% reduce 74%
14/12/17 13:48:58 INFO mapreduce.Job:  map 100% reduce 75%
14/12/17 13:49:01 INFO mapreduce.Job:  map 100% reduce 76%
14/12/17 13:49:02 INFO mapreduce.Job:  map 100% reduce 77%
14/12/17 13:49:05 INFO mapreduce.Job:  map 100% reduce 84%
14/12/17 13:49:06 INFO mapreduce.Job:  map 100% reduce 91%
14/12/17 13:49:08 INFO mapreduce.Job:  map 100% reduce 92%
14/12/17 13:49:10 INFO mapreduce.Job:  map 100% reduce 93%
14/12/17 13:49:12 INFO mapreduce.Job:  map 100% reduce 94%
14/12/17 13:49:15 INFO mapreduce.Job:  map 100% reduce 95%
14/12/17 13:49:19 INFO mapreduce.Job:  map 100% reduce 96%
14/12/17 13:49:22 INFO mapreduce.Job:  map 100% reduce 97%
14/12/17 13:49:25 INFO mapreduce.Job:  map 100% reduce 98%
14/12/17 13:49:28 INFO mapreduce.Job:  map 100% reduce 99%
14/12/17 13:49:32 INFO mapreduce.Job:  map 100% reduce 100%
14/12/17 13:49:32 INFO mapreduce.Job: Job job_1418199305412_0041 completed successfully
14/12/17 13:49:32 INFO mapreduce.Job: Counters: 50
	File System Counters
		FILE: Number of bytes read=6700600872
		FILE: Number of bytes written=9072292212
		FILE: Number of read operations=0
		FILE: Number of large read operations=0
		FILE: Number of write operations=0
		HDFS: Number of bytes read=17356328
		HDFS: Number of bytes written=1811973
		HDFS: Number of read operations=33
		HDFS: Number of large read operations=0
		HDFS: Number of write operations=20
	Job Counters 
		Killed reduce tasks=4
		Launched map tasks=1
		Launched reduce tasks=14
		Data-local map tasks=1
		Total time spent by all maps in occupied slots (ms)=524038
		Total time spent by all reduces in occupied slots (ms)=846893
		Total time spent by all map tasks (ms)=524038
		Total time spent by all reduce tasks (ms)=846893
		Total vcore-seconds taken by all map tasks=524038
		Total vcore-seconds taken by all reduce tasks=846893
		Total megabyte-seconds taken by all map tasks=536614912
		Total megabyte-seconds taken by all reduce tasks=867218432
	Map-Reduce Framework
		Map input records=581963
		Map output records=67961262
		Map output bytes=2217051141
		Map output materialized bytes=2352973725
		Input split bytes=119
		Combine input records=0
		Combine output records=0
		Reduce input groups=75300
		Reduce shuffle bytes=2352973725
		Reduce input records=67961262
		Reduce output records=75300
		Spilled Records=261540384
		Shuffled Maps =10
		Failed Shuffles=0
		Merged Map outputs=10
		GC time elapsed (ms)=33242
		CPU time spent (ms)=850330
		Physical memory (bytes) snapshot=1747914752
		Virtual memory (bytes) snapshot=4581466112
		Total committed heap usage (bytes)=1114636288
	Shuffle Errors
		BAD_ID=0
		CONNECTION=0
		IO_ERROR=0
		WRONG_LENGTH=0
		WRONG_MAP=0
		WRONG_REDUCE=0
	File Input Format Counters 
		Bytes Read=17356209
	File Output Format Counters 
		Bytes Written=1811973
